{"contracts\\DEX.sol":{"l":{"53":141,"54":140,"55":139,"57":138,"58":138,"71":16,"73":14,"74":14,"76":14,"77":14,"79":0,"83":0,"86":14,"88":14,"89":14,"91":14,"92":14,"94":14,"116":2,"117":1,"122":0,"123":0,"125":0,"128":0,"129":0,"132":0,"133":0,"136":0,"137":0,"139":0,"165":7,"166":6,"168":3,"169":3,"170":3,"172":3,"187":3,"189":3,"190":2,"193":2,"200":2,"206":2,"207":2,"209":2,"226":2,"228":2,"229":1,"232":1,"239":1,"245":1,"246":1,"248":1,"264":2,"265":1,"267":1,"278":2,"279":2,"288":14,"289":13,"290":13,"291":13,"292":737,"293":737,"296":1},"path":"C:\\Users\\vanka\\OneDrive\\Desktop\\dex-amm\\contracts\\DEX.sol","s":{"1":141,"2":140,"3":139,"4":16,"5":14,"6":14,"7":14,"8":0,"9":14,"10":14,"11":2,"12":1,"13":0,"14":0,"15":0,"16":0,"17":7,"18":6,"19":3,"20":3,"21":3,"22":3,"23":2,"24":2,"25":2,"26":2,"27":2,"28":1,"29":1,"30":1,"31":1,"32":2,"33":1,"34":14,"35":13,"36":13,"37":1},"b":{"1":[140,1],"2":[139,1],"3":[138,1],"4":[16,0],"5":[14,2],"6":[14,0],"7":[0,0],"8":[14,0],"9":[2,0],"10":[1,1],"11":[0,1],"12":[0,0],"13":[6,1],"14":[3,3],"15":[3,0],"16":[3,0],"17":[2,0],"18":[2,0],"19":[2,0],"20":[1,0],"21":[1,1],"22":[1,0],"23":[13,1],"24":[1,0]},"f":{"1":141,"2":16,"3":2,"4":7,"5":3,"6":2,"7":2,"8":2,"9":14},"fnMap":{"1":{"name":"constructor","line":52,"loc":{"start":{"line":52,"column":4},"end":{"line":59,"column":4}}},"2":{"name":"addLiquidity","line":68,"loc":{"start":{"line":66,"column":4},"end":{"line":100,"column":4}}},"3":{"name":"removeLiquidity","line":113,"loc":{"start":{"line":111,"column":4},"end":{"line":145,"column":4}}},"4":{"name":"getAmountOut","line":156,"loc":{"start":{"line":156,"column":4},"end":{"line":173,"column":4}}},"5":{"name":"swapAForB","line":184,"loc":{"start":{"line":182,"column":4},"end":{"line":216,"column":4}}},"6":{"name":"swapBForA","line":223,"loc":{"start":{"line":221,"column":4},"end":{"line":255,"column":4}}},"7":{"name":"getPrice","line":263,"loc":{"start":{"line":263,"column":4},"end":{"line":268,"column":4}}},"8":{"name":"getReserves","line":273,"loc":{"start":{"line":273,"column":4},"end":{"line":280,"column":4}}},"9":{"name":"_sqrt","line":287,"loc":{"start":{"line":287,"column":4},"end":{"line":298,"column":4}}}},"statementMap":{"1":{"start":{"line":53,"column":8},"end":{"line":53,"column":60}},"2":{"start":{"line":54,"column":8},"end":{"line":54,"column":60}},"3":{"start":{"line":55,"column":8},"end":{"line":55,"column":56}},"4":{"start":{"line":71,"column":8},"end":{"line":71,"column":57}},"5":{"start":{"line":73,"column":8},"end":{"line":73,"column":70}},"6":{"start":{"line":74,"column":8},"end":{"line":74,"column":70}},"7":{"start":{"line":76,"column":8},"end":{"line":76,"column":2136}},"8":{"start":{"line":79,"column":12},"end":{"line":79,"column":2255}},"9":{"start":{"line":86,"column":8},"end":{"line":86,"column":61}},"10":{"start":{"line":94,"column":8},"end":{"line":94,"column":2690}},"11":{"start":{"line":116,"column":8},"end":{"line":116,"column":53}},"12":{"start":{"line":117,"column":8},"end":{"line":117,"column":3370}},"13":{"start":{"line":125,"column":8},"end":{"line":125,"column":57}},"14":{"start":{"line":136,"column":8},"end":{"line":136,"column":51}},"15":{"start":{"line":137,"column":8},"end":{"line":137,"column":51}},"16":{"start":{"line":139,"column":8},"end":{"line":139,"column":4058}},"17":{"start":{"line":165,"column":8},"end":{"line":165,"column":42}},"18":{"start":{"line":166,"column":8},"end":{"line":166,"column":73}},"19":{"start":{"line":168,"column":8},"end":{"line":168,"column":48}},"20":{"start":{"line":169,"column":8},"end":{"line":169,"column":56}},"21":{"start":{"line":170,"column":8},"end":{"line":170,"column":66}},"22":{"start":{"line":187,"column":8},"end":{"line":187,"column":43}},"23":{"start":{"line":190,"column":8},"end":{"line":190,"column":45}},"24":{"start":{"line":193,"column":8},"end":{"line":193,"column":5699}},"25":{"start":{"line":200,"column":8},"end":{"line":200,"column":5874}},"26":{"start":{"line":209,"column":8},"end":{"line":209,"column":6067}},"27":{"start":{"line":226,"column":8},"end":{"line":226,"column":43}},"28":{"start":{"line":229,"column":8},"end":{"line":229,"column":45}},"29":{"start":{"line":232,"column":8},"end":{"line":232,"column":6717}},"30":{"start":{"line":239,"column":8},"end":{"line":239,"column":6892}},"31":{"start":{"line":248,"column":8},"end":{"line":248,"column":7085}},"32":{"start":{"line":264,"column":8},"end":{"line":264,"column":7535}},"33":{"start":{"line":265,"column":12},"end":{"line":265,"column":20}},"34":{"start":{"line":288,"column":8},"end":{"line":288,"column":8218}},"35":{"start":{"line":290,"column":12},"end":{"line":290,"column":33}},"36":{"start":{"line":291,"column":12},"end":{"line":291,"column":8304}},"37":{"start":{"line":295,"column":15},"end":{"line":295,"column":8409}}},"branchMap":{"1":{"line":53,"type":"if","locations":[{"start":{"line":53,"column":8},"end":{"line":53,"column":8}},{"start":{"line":53,"column":8},"end":{"line":53,"column":8}}]},"2":{"line":54,"type":"if","locations":[{"start":{"line":54,"column":8},"end":{"line":54,"column":8}},{"start":{"line":54,"column":8},"end":{"line":54,"column":8}}]},"3":{"line":55,"type":"if","locations":[{"start":{"line":55,"column":8},"end":{"line":55,"column":8}},{"start":{"line":55,"column":8},"end":{"line":55,"column":8}}]},"4":{"line":68,"type":"if","locations":[{"start":{"line":68,"column":8},"end":{"line":68,"column":8}},{"start":{"line":68,"column":8},"end":{"line":68,"column":8}}]},"5":{"line":71,"type":"if","locations":[{"start":{"line":71,"column":8},"end":{"line":71,"column":8}},{"start":{"line":71,"column":8},"end":{"line":71,"column":8}}]},"6":{"line":76,"type":"if","locations":[{"start":{"line":76,"column":8},"end":{"line":76,"column":8}},{"start":{"line":76,"column":8},"end":{"line":76,"column":8}}]},"7":{"line":79,"type":"if","locations":[{"start":{"line":79,"column":12},"end":{"line":79,"column":12}},{"start":{"line":79,"column":12},"end":{"line":79,"column":12}}]},"8":{"line":86,"type":"if","locations":[{"start":{"line":86,"column":8},"end":{"line":86,"column":8}},{"start":{"line":86,"column":8},"end":{"line":86,"column":8}}]},"9":{"line":113,"type":"if","locations":[{"start":{"line":113,"column":8},"end":{"line":113,"column":8}},{"start":{"line":113,"column":8},"end":{"line":113,"column":8}}]},"10":{"line":116,"type":"if","locations":[{"start":{"line":116,"column":8},"end":{"line":116,"column":8}},{"start":{"line":116,"column":8},"end":{"line":116,"column":8}}]},"11":{"line":117,"type":"if","locations":[{"start":{"line":117,"column":8},"end":{"line":117,"column":8}},{"start":{"line":117,"column":8},"end":{"line":117,"column":8}}]},"12":{"line":125,"type":"if","locations":[{"start":{"line":125,"column":8},"end":{"line":125,"column":8}},{"start":{"line":125,"column":8},"end":{"line":125,"column":8}}]},"13":{"line":165,"type":"if","locations":[{"start":{"line":165,"column":8},"end":{"line":165,"column":8}},{"start":{"line":165,"column":8},"end":{"line":165,"column":8}}]},"14":{"line":166,"type":"if","locations":[{"start":{"line":166,"column":8},"end":{"line":166,"column":8}},{"start":{"line":166,"column":8},"end":{"line":166,"column":8}}]},"15":{"line":184,"type":"if","locations":[{"start":{"line":184,"column":8},"end":{"line":184,"column":8}},{"start":{"line":184,"column":8},"end":{"line":184,"column":8}}]},"16":{"line":187,"type":"if","locations":[{"start":{"line":187,"column":8},"end":{"line":187,"column":8}},{"start":{"line":187,"column":8},"end":{"line":187,"column":8}}]},"17":{"line":190,"type":"if","locations":[{"start":{"line":190,"column":8},"end":{"line":190,"column":8}},{"start":{"line":190,"column":8},"end":{"line":190,"column":8}}]},"18":{"line":223,"type":"if","locations":[{"start":{"line":223,"column":8},"end":{"line":223,"column":8}},{"start":{"line":223,"column":8},"end":{"line":223,"column":8}}]},"19":{"line":226,"type":"if","locations":[{"start":{"line":226,"column":8},"end":{"line":226,"column":8}},{"start":{"line":226,"column":8},"end":{"line":226,"column":8}}]},"20":{"line":229,"type":"if","locations":[{"start":{"line":229,"column":8},"end":{"line":229,"column":8}},{"start":{"line":229,"column":8},"end":{"line":229,"column":8}}]},"21":{"line":264,"type":"if","locations":[{"start":{"line":264,"column":8},"end":{"line":264,"column":8}},{"start":{"line":264,"column":8},"end":{"line":264,"column":8}}]},"22":{"line":264,"type":"cond-expr","locations":[{"start":{"line":264,"column":12},"end":{"line":264,"column":24}},{"start":{"line":264,"column":29},"end":{"line":264,"column":41}}]},"23":{"line":288,"type":"if","locations":[{"start":{"line":288,"column":8},"end":{"line":288,"column":8}},{"start":{"line":288,"column":8},"end":{"line":288,"column":8}}]},"24":{"line":295,"type":"if","locations":[{"start":{"line":295,"column":15},"end":{"line":295,"column":15}},{"start":{"line":295,"column":15},"end":{"line":295,"column":15}}]}}},"contracts\\MockERC20.sol":{"l":{"8":276,"13":1},"path":"C:\\Users\\vanka\\OneDrive\\Desktop\\dex-amm\\contracts\\MockERC20.sol","s":{"1":276,"2":1},"b":{},"f":{"1":276,"2":1},"fnMap":{"1":{"name":"constructor","line":7,"loc":{"start":{"line":7,"column":4},"end":{"line":9,"column":4}}},"2":{"name":"mint","line":12,"loc":{"start":{"line":12,"column":4},"end":{"line":14,"column":4}}}},"statementMap":{"1":{"start":{"line":8,"column":8},"end":{"line":8,"column":42}},"2":{"start":{"line":13,"column":8},"end":{"line":13,"column":24}}},"branchMap":{}}}